<?xml version="1.0" encoding="UTF-8"?>
<!-- Generated by org.testng.reporters.JUnitReportReporter -->
<testsuite skipped="0" hostname="Aruns-MacBook-Air.local" name="com.php.qa.testcases.HomePageTest" tests="4" failures="0" timestamp="12 Apr 2020 05:45:59 GMT" time="65.068" errors="0">
  <testcase name="verifyHomePageTitleTest" time="17.167" classname="com.php.qa.testcases.HomePageTest"/>
  <testcase name="verifyUserNameTest" time="14.730" classname="com.php.qa.testcases.HomePageTest"/>
  <testcase name="verifyHomeLinkTest" time="15.236" classname="com.php.qa.testcases.HomePageTest"/>
  <testcase name="verifyVisaLinkTest" time="17.935" classname="com.php.qa.testcases.HomePageTest"/>
</testsuite> <!-- com.php.qa.testcases.HomePageTest -->
