<?xml version="1.0" encoding="UTF-8"?>
<!-- Generated by org.testng.reporters.JUnitReportReporter -->
<testsuite skipped="0" hostname="Aruns-MacBook-Air.local" name="com.php.qa.testcases.LoginPageTest" tests="3" failures="0" timestamp="12 Apr 2020 10:40:15 GMT" time="41.090" errors="0">
  <testcase name="loginPageTitleTest" time="12.264" classname="com.php.qa.testcases.LoginPageTest"/>
  <testcase name="PHPLogoImageTest" time="9.368" classname="com.php.qa.testcases.LoginPageTest"/>
  <testcase name="loginTest" time="19.458" classname="com.php.qa.testcases.LoginPageTest"/>
</testsuite> <!-- com.php.qa.testcases.LoginPageTest -->
